Build started 5/27/2016 2:00:22 PM.
     1>Project "I:\tyrant\projects\gamedev\NMEng\NevermoreEngine\NevermoreEngine\NevermoreEngine.vcxproj" on node 2 (Build target(s)).
     1>ClCompile:
         K:\Program Files -x86-\Microsoft Visual Studio 12.0\VC\bin\CL.exe /c /ZI /nologo /W3 /WX- /sdl /Od /Oy- /D _MBCS /Gm /EHsc /RTC1 /MDd /GS /fp:precise /Zc:wchar_t /Zc:forScope /Fo"Debug\\" /Fd"Debug\vc120.pdb" /Gd /TP /analyze- /errorReport:prompt main.cpp
         main.cpp
       Link:
         K:\Program Files -x86-\Microsoft Visual Studio 12.0\VC\bin\link.exe /ERRORREPORT:PROMPT /OUT:"I:\tyrant\projects\gamedev\NMEng\NevermoreEngine\Debug\NevermoreEngine.exe" /INCREMENTAL /NOLOGO kernel32.lib user32.lib gdi32.lib winspool.lib comdlg32.lib advapi32.lib shell32.lib ole32.lib oleaut32.lib uuid.lib odbc32.lib odbccp32.lib /MANIFEST /MANIFESTUAC:"level='asInvoker' uiAccess='false'" /manifest:embed /DEBUG /PDB:"I:\tyrant\projects\gamedev\NMEng\NevermoreEngine\Debug\NevermoreEngine.pdb" /TLBID:1 /DYNAMICBASE /NXCOMPAT /IMPLIB:"I:\tyrant\projects\gamedev\NMEng\NevermoreEngine\Debug\NevermoreEngine.lib" /MACHINE:X86 Debug\main.obj
     1>LINK : fatal error LNK1561: entry point must be defined
     1>Done Building Project "I:\tyrant\projects\gamedev\NMEng\NevermoreEngine\NevermoreEngine\NevermoreEngine.vcxproj" (Build target(s)) -- FAILED.

Build FAILED.

Time Elapsed 00:00:01.54
